2020-07-31 13:04:26.174  INFO 17740 --- [restartedMain] c.s.j.JavaMarathonApplication            : Starting JavaMarathonApplication on DESKTOP-I57FKKE with PID 17740 (C:\secondCourse\JavaMarathon\target\classes started by Yura in C:\secondCourse\JavaMarathon)
2020-07-31 13:04:26.179  INFO 17740 --- [restartedMain] c.s.j.JavaMarathonApplication            : No active profile set, falling back to default profiles: default
2020-07-31 13:04:26.299  INFO 17740 --- [restartedMain] .e.DevToolsPropertyDefaultsPostProcessor : Devtools property defaults active! Set 'spring.devtools.add-properties' to 'false' to disable
2020-07-31 13:04:26.300  INFO 17740 --- [restartedMain] .e.DevToolsPropertyDefaultsPostProcessor : For additional web related logging consider setting the 'logging.level.web' property to 'DEBUG'
2020-07-31 13:04:27.868  INFO 17740 --- [restartedMain] .s.d.r.c.RepositoryConfigurationDelegate : Bootstrapping Spring Data JPA repositories in DEFERRED mode.
2020-07-31 13:04:28.009  INFO 17740 --- [restartedMain] .s.d.r.c.RepositoryConfigurationDelegate : Finished Spring Data repository scanning in 126ms. Found 5 JPA repository interfaces.
2020-07-31 13:04:28.782  INFO 17740 --- [restartedMain] o.s.b.w.embedded.tomcat.TomcatWebServer  : Tomcat initialized with port(s): 8080 (http)
2020-07-31 13:04:28.793  INFO 17740 --- [restartedMain] o.apache.catalina.core.StandardService   : Starting service [Tomcat]
2020-07-31 13:04:28.793  INFO 17740 --- [restartedMain] org.apache.catalina.core.StandardEngine  : Starting Servlet engine: [Apache Tomcat/9.0.36]
2020-07-31 13:04:28.953  INFO 17740 --- [restartedMain] o.a.c.c.C.[Tomcat].[localhost].[/]       : Initializing Spring embedded WebApplicationContext
2020-07-31 13:04:28.954  INFO 17740 --- [restartedMain] w.s.c.ServletWebServerApplicationContext : Root WebApplicationContext: initialization completed in 2651 ms
2020-07-31 13:04:29.103  INFO 17740 --- [restartedMain] o.s.s.concurrent.ThreadPoolTaskExecutor  : Initializing ExecutorService 'applicationTaskExecutor'
2020-07-31 13:04:29.149  INFO 17740 --- [task-1] o.hibernate.jpa.internal.util.LogHelper  : HHH000204: Processing PersistenceUnitInfo [name: default]
2020-07-31 13:04:29.221  INFO 17740 --- [task-1] org.hibernate.Version                    : HHH000412: Hibernate ORM core version 5.4.17.Final
2020-07-31 13:04:29.313  WARN 17740 --- [restartedMain] JpaBaseConfiguration$JpaWebConfiguration : spring.jpa.open-in-view is enabled by default. Therefore, database queries may be performed during view rendering. Explicitly configure spring.jpa.open-in-view to disable this warning
2020-07-31 13:04:29.399  INFO 17740 --- [task-1] o.hibernate.annotations.common.Version   : HCANN000001: Hibernate Commons Annotations {5.1.0.Final}
2020-07-31 13:04:29.528  INFO 17740 --- [task-1] com.zaxxer.hikari.HikariDataSource       : HikariPool-1 - Starting...
2020-07-31 13:04:29.706  INFO 17740 --- [task-1] com.zaxxer.hikari.HikariDataSource       : HikariPool-1 - Start completed.
2020-07-31 13:04:29.726  INFO 17740 --- [task-1] org.hibernate.dialect.Dialect            : HHH000400: Using dialect: org.hibernate.dialect.PostgreSQL82Dialect
2020-07-31 13:04:29.876  INFO 17740 --- [restartedMain] o.s.b.d.a.OptionalLiveReloadServer       : LiveReload server is running on port 35729
2020-07-31 13:04:29.975  INFO 17740 --- [restartedMain] o.s.b.w.embedded.tomcat.TomcatWebServer  : Tomcat started on port(s): 8080 (http) with context path ''
2020-07-31 13:04:29.978  INFO 17740 --- [restartedMain] DeferredRepositoryInitializationListener : Triggering deferred initialization of Spring Data repositories…
2020-07-31 13:04:30.940  INFO 17740 --- [task-1] o.h.e.t.j.p.i.JtaPlatformInitiator       : HHH000490: Using JtaPlatform implementation: [org.hibernate.engine.transaction.jta.platform.internal.NoJtaPlatform]
2020-07-31 13:04:30.951  INFO 17740 --- [task-1] j.LocalContainerEntityManagerFactoryBean : Initialized JPA EntityManagerFactory for persistence unit 'default'
2020-07-31 13:04:31.563  INFO 17740 --- [restartedMain] DeferredRepositoryInitializationListener : Spring Data repositories initialized!
2020-07-31 13:04:31.579  INFO 17740 --- [restartedMain] c.s.j.JavaMarathonApplication            : Started JavaMarathonApplication in 6.117 seconds (JVM running for 8.251)
2020-07-31 13:04:45.209  INFO 17740 --- [http-nio-8080-exec-1] o.a.c.c.C.[Tomcat].[localhost].[/]       : Initializing Spring DispatcherServlet 'dispatcherServlet'
2020-07-31 13:04:45.211  INFO 17740 --- [http-nio-8080-exec-1] o.s.web.servlet.DispatcherServlet        : Initializing Servlet 'dispatcherServlet'
2020-07-31 13:04:45.229  INFO 17740 --- [http-nio-8080-exec-1] o.s.web.servlet.DispatcherServlet        : Completed initialization in 18 ms
2020-07-31 13:04:52.005  INFO 17740 --- [http-nio-8080-exec-2] c.s.j.controller.StudentController       : get all students
